2022-12-05 09:16:18,408 - multipart.multipart - DEBUG - Calling on_part_begin with no data
2022-12-05 09:16:18,408 - multipart.multipart - DEBUG - Calling on_header_field with data[42:61]
2022-12-05 09:16:18,409 - multipart.multipart - DEBUG - Calling on_header_value with data[63:119]
2022-12-05 09:16:18,409 - multipart.multipart - DEBUG - Calling on_header_end with no data
2022-12-05 09:16:18,409 - multipart.multipart - DEBUG - Calling on_header_field with data[121:133]
2022-12-05 09:16:18,409 - multipart.multipart - DEBUG - Calling on_header_value with data[135:145]
2022-12-05 09:16:18,409 - multipart.multipart - DEBUG - Calling on_header_end with no data
2022-12-05 09:16:18,409 - multipart.multipart - DEBUG - Calling on_headers_finished with no data
2022-12-05 09:16:18,409 - multipart.multipart - DEBUG - Calling on_part_data with data[149:3191]
2022-12-05 09:16:18,409 - multipart.multipart - DEBUG - Calling on_part_data with data[0:1]
2022-12-05 09:16:18,409 - multipart.multipart - DEBUG - Calling on_part_data with data[3192:21136]
2022-12-05 09:16:18,409 - multipart.multipart - DEBUG - Calling on_part_data with data[0:1]
2022-12-05 09:16:18,409 - multipart.multipart - DEBUG - Calling on_part_data with data[21137:30267]
2022-12-05 09:16:18,409 - multipart.multipart - DEBUG - Calling on_part_data with data[0:1]
2022-12-05 09:16:18,410 - multipart.multipart - DEBUG - Calling on_part_data with data[30268:43810]
2022-12-05 09:16:18,410 - multipart.multipart - DEBUG - Calling on_part_end with no data
2022-12-05 09:16:18,410 - multipart.multipart - DEBUG - Calling on_part_begin with no data
2022-12-05 09:16:18,410 - multipart.multipart - DEBUG - Calling on_header_field with data[43854:43873]
2022-12-05 09:16:18,410 - multipart.multipart - DEBUG - Calling on_header_value with data[43875:43930]
2022-12-05 09:16:18,410 - multipart.multipart - DEBUG - Calling on_header_end with no data
2022-12-05 09:16:18,410 - multipart.multipart - DEBUG - Calling on_header_field with data[43932:43944]
2022-12-05 09:16:18,410 - multipart.multipart - DEBUG - Calling on_header_value with data[43946:43956]
2022-12-05 09:16:18,410 - multipart.multipart - DEBUG - Calling on_header_end with no data
2022-12-05 09:16:18,410 - multipart.multipart - DEBUG - Calling on_headers_finished with no data
2022-12-05 09:16:18,410 - multipart.multipart - DEBUG - Calling on_part_data with data[43960:59734]
2022-12-05 09:16:18,410 - multipart.multipart - DEBUG - Calling on_part_data with data[0:1]
2022-12-05 09:16:18,411 - multipart.multipart - DEBUG - Calling on_part_data with data[59735:59744]
2022-12-05 09:16:18,411 - multipart.multipart - DEBUG - Calling on_part_end with no data
2022-12-05 09:16:18,411 - multipart.multipart - DEBUG - Calling on_end with no data
2022-12-05 09:17:27,993 - multipart.multipart - DEBUG - Calling on_part_begin with no data
2022-12-05 09:17:27,993 - multipart.multipart - DEBUG - Calling on_header_field with data[42:61]
2022-12-05 09:17:27,993 - multipart.multipart - DEBUG - Calling on_header_value with data[63:119]
2022-12-05 09:17:27,993 - multipart.multipart - DEBUG - Calling on_header_end with no data
2022-12-05 09:17:27,993 - multipart.multipart - DEBUG - Calling on_header_field with data[121:133]
2022-12-05 09:17:27,993 - multipart.multipart - DEBUG - Calling on_header_value with data[135:145]
2022-12-05 09:17:27,993 - multipart.multipart - DEBUG - Calling on_header_end with no data
2022-12-05 09:17:27,993 - multipart.multipart - DEBUG - Calling on_headers_finished with no data
2022-12-05 09:17:27,994 - multipart.multipart - DEBUG - Calling on_part_data with data[149:43810]
2022-12-05 09:17:27,994 - multipart.multipart - DEBUG - Calling on_part_end with no data
2022-12-05 09:17:27,994 - multipart.multipart - DEBUG - Calling on_part_begin with no data
2022-12-05 09:17:27,994 - multipart.multipart - DEBUG - Calling on_header_field with data[43854:43873]
2022-12-05 09:17:27,994 - multipart.multipart - DEBUG - Calling on_header_value with data[43875:43930]
2022-12-05 09:17:27,994 - multipart.multipart - DEBUG - Calling on_header_end with no data
2022-12-05 09:17:27,994 - multipart.multipart - DEBUG - Calling on_header_field with data[43932:43944]
2022-12-05 09:17:27,994 - multipart.multipart - DEBUG - Calling on_header_value with data[43946:43956]
2022-12-05 09:17:27,994 - multipart.multipart - DEBUG - Calling on_header_end with no data
2022-12-05 09:17:27,994 - multipart.multipart - DEBUG - Calling on_headers_finished with no data
2022-12-05 09:17:27,994 - multipart.multipart - DEBUG - Calling on_part_data with data[43960:59734]
2022-12-05 09:17:27,994 - multipart.multipart - DEBUG - Calling on_part_data with data[0:1]
2022-12-05 09:17:27,994 - multipart.multipart - DEBUG - Calling on_part_data with data[59735:59744]
2022-12-05 09:17:27,995 - multipart.multipart - DEBUG - Calling on_part_end with no data
2022-12-05 09:17:27,995 - multipart.multipart - DEBUG - Calling on_end with no data
2022-12-05 09:17:36,733 - multipart.multipart - DEBUG - Calling on_part_begin with no data
2022-12-05 09:17:36,734 - multipart.multipart - DEBUG - Calling on_header_field with data[42:61]
2022-12-05 09:17:36,734 - multipart.multipart - DEBUG - Calling on_header_value with data[63:119]
2022-12-05 09:17:36,734 - multipart.multipart - DEBUG - Calling on_header_end with no data
2022-12-05 09:17:36,734 - multipart.multipart - DEBUG - Calling on_header_field with data[121:133]
2022-12-05 09:17:36,734 - multipart.multipart - DEBUG - Calling on_header_value with data[135:145]
2022-12-05 09:17:36,734 - multipart.multipart - DEBUG - Calling on_header_end with no data
2022-12-05 09:17:36,734 - multipart.multipart - DEBUG - Calling on_headers_finished with no data
2022-12-05 09:17:36,734 - multipart.multipart - DEBUG - Calling on_part_data with data[149:43810]
2022-12-05 09:17:36,734 - multipart.multipart - DEBUG - Calling on_part_end with no data
2022-12-05 09:17:36,735 - multipart.multipart - DEBUG - Calling on_part_begin with no data
2022-12-05 09:17:36,735 - multipart.multipart - DEBUG - Calling on_header_field with data[43854:43873]
2022-12-05 09:17:36,735 - multipart.multipart - DEBUG - Calling on_header_value with data[43875:43930]
2022-12-05 09:17:36,735 - multipart.multipart - DEBUG - Calling on_header_end with no data
2022-12-05 09:17:36,735 - multipart.multipart - DEBUG - Calling on_header_field with data[43932:43944]
2022-12-05 09:17:36,735 - multipart.multipart - DEBUG - Calling on_header_value with data[43946:43956]
2022-12-05 09:17:36,735 - multipart.multipart - DEBUG - Calling on_header_end with no data
2022-12-05 09:17:36,735 - multipart.multipart - DEBUG - Calling on_headers_finished with no data
2022-12-05 09:17:36,735 - multipart.multipart - DEBUG - Calling on_part_data with data[43960:55885]
2022-12-05 09:17:36,735 - multipart.multipart - DEBUG - Calling on_part_data with data[0:1]
2022-12-05 09:17:36,735 - multipart.multipart - DEBUG - Calling on_part_data with data[55886:59734]
2022-12-05 09:17:36,736 - multipart.multipart - DEBUG - Calling on_part_data with data[0:1]
2022-12-05 09:17:36,736 - multipart.multipart - DEBUG - Calling on_part_data with data[59735:59744]
2022-12-05 09:17:36,736 - multipart.multipart - DEBUG - Calling on_part_end with no data
2022-12-05 09:17:36,736 - multipart.multipart - DEBUG - Calling on_end with no data
2022-12-05 09:18:41,320 - multipart.multipart - DEBUG - Calling on_part_begin with no data
2022-12-05 09:18:41,320 - multipart.multipart - DEBUG - Calling on_header_field with data[42:61]
2022-12-05 09:18:41,320 - multipart.multipart - DEBUG - Calling on_header_value with data[63:119]
2022-12-05 09:18:41,320 - multipart.multipart - DEBUG - Calling on_header_end with no data
2022-12-05 09:18:41,320 - multipart.multipart - DEBUG - Calling on_header_field with data[121:133]
2022-12-05 09:18:41,320 - multipart.multipart - DEBUG - Calling on_header_value with data[135:145]
2022-12-05 09:18:41,320 - multipart.multipart - DEBUG - Calling on_header_end with no data
2022-12-05 09:18:41,320 - multipart.multipart - DEBUG - Calling on_headers_finished with no data
2022-12-05 09:18:41,321 - multipart.multipart - DEBUG - Calling on_part_data with data[149:250]
2022-12-05 09:18:41,321 - multipart.multipart - DEBUG - Calling on_part_data with data[0:1]
2022-12-05 09:18:41,321 - multipart.multipart - DEBUG - Calling on_part_data with data[0:1]
2022-12-05 09:18:41,321 - multipart.multipart - DEBUG - Calling on_part_data with data[252:16384]
2022-12-05 09:18:41,321 - multipart.multipart - DEBUG - Calling on_part_data with data[0:16384]
2022-12-05 09:18:41,322 - multipart.multipart - DEBUG - Calling on_part_data with data[0:10982]
2022-12-05 09:18:41,322 - multipart.multipart - DEBUG - Calling on_part_data with data[0:1]
2022-12-05 09:18:41,322 - multipart.multipart - DEBUG - Calling on_part_data with data[10983:11042]
2022-12-05 09:18:41,322 - multipart.multipart - DEBUG - Calling on_part_end with no data
2022-12-05 09:18:41,322 - multipart.multipart - DEBUG - Calling on_part_begin with no data
2022-12-05 09:18:41,322 - multipart.multipart - DEBUG - Calling on_header_field with data[11086:11105]
2022-12-05 09:18:41,322 - multipart.multipart - DEBUG - Calling on_header_value with data[11107:11162]
2022-12-05 09:18:41,322 - multipart.multipart - DEBUG - Calling on_header_end with no data
2022-12-05 09:18:41,322 - multipart.multipart - DEBUG - Calling on_header_field with data[11164:11176]
2022-12-05 09:18:41,322 - multipart.multipart - DEBUG - Calling on_header_value with data[11178:11188]
2022-12-05 09:18:41,322 - multipart.multipart - DEBUG - Calling on_header_end with no data
2022-12-05 09:18:41,322 - multipart.multipart - DEBUG - Calling on_headers_finished with no data
2022-12-05 09:18:41,322 - multipart.multipart - DEBUG - Calling on_part_data with data[11192:11293]
2022-12-05 09:18:41,322 - multipart.multipart - DEBUG - Calling on_part_data with data[0:1]
2022-12-05 09:18:41,323 - multipart.multipart - DEBUG - Calling on_part_data with data[0:1]
2022-12-05 09:18:41,323 - multipart.multipart - DEBUG - Calling on_part_data with data[11295:16384]
2022-12-05 09:18:41,323 - multipart.multipart - DEBUG - Calling on_part_data with data[0:10582]
2022-12-05 09:18:41,323 - multipart.multipart - DEBUG - Calling on_part_data with data[0:1]
2022-12-05 09:18:41,323 - multipart.multipart - DEBUG - Calling on_part_data with data[10583:10592]
2022-12-05 09:18:41,323 - multipart.multipart - DEBUG - Calling on_part_end with no data
2022-12-05 09:18:41,323 - multipart.multipart - DEBUG - Calling on_end with no data
2022-12-05 09:19:37,135 - root - DEBUG - Image #0.#0: [0.33827186 0.36285692 0.6525177  0.792991  ], 17, 0.6493099331855774
2022-12-05 09:19:37,339 - root - DEBUG - Image #0.#1: [0.31778416 0.32660547 0.82205975 0.9584216 ], 17, 0.2783016264438629
2022-12-05 09:19:37,471 - root - DEBUG - Image #0.#3: [0.3966228 0.3652953 0.6298268 0.622711 ], 17, 0.18986442685127258
2022-12-05 09:19:37,533 - root - DEBUG - Image #0.#10: [0.37004113 0.37261766 0.5710167  0.53932697], 17, 0.12973544001579285
2022-12-05 09:19:37,634 - root - DEBUG - Image #0.#14: [0.2922554  0.32757616 0.69490635 0.63748324], 17, 0.11911617964506149
2022-12-05 09:19:37,729 - root - DEBUG - Image #0.#20: [0.43204334 0.36022174 0.6086303  0.51843643], 17, 0.10948855429887772
2022-12-05 09:19:37,870 - root - DEBUG - Image #0.#31: [0.3040287  0.49872383 0.76765364 0.77643013], 17, 0.09803583472967148
2022-12-05 09:19:38,007 - root - DEBUG - Image #0.#64: [0.42782208 0.4088539  0.60077053 0.57342964], 17, 0.08508653938770294
2022-12-05 09:19:38,108 - root - DEBUG - Image #0.#103: [0.19741446 0.3521421  0.8948923  0.73532283], 17, 0.0773044154047966
2022-12-05 09:19:38,325 - root - DEBUG - Image #0.#126: [0.4807936  0.36912182 0.6625422  0.5587125 ], 17, 0.07175136357545853
2022-12-05 09:20:22,936 - root - DEBUG - Image #1.#0: [0.03881866 0.12440032 0.9293427  0.94881266], 17, 0.7503386735916138
2022-12-05 09:20:23,090 - root - DEBUG - Image #1.#1: [0.02335924 0.13550313 0.75931126 0.6257045 ], 17, 0.17683830857276917
2022-12-05 09:20:23,248 - root - DEBUG - Image #1.#2: [0.43804774 0.3295695  0.9634663  0.96193767], 17, 0.14722909033298492
2022-12-05 09:20:23,459 - root - DEBUG - Image #1.#11: [0.15090083 0.13823788 0.64942414 0.45636392], 17, 0.10279371589422226
2022-12-05 09:20:23,642 - root - DEBUG - Image #1.#72: [0.21659759 0.13457134 0.55048585 0.35960504], 17, 0.0650627464056015
2022-12-05 09:20:23,905 - root - DEBUG - Image #1.#91: [0.0388523  0.32906434 0.6619487  0.9146366 ], 17, 0.062272731214761734
2022-12-05 09:20:23,982 - root - DEBUG - Image #1.#102: [0.30178317 0.25095743 0.82544994 0.78914505], 17, 0.059745244681835175
2022-12-05 09:20:24,048 - root - DEBUG - Image #1.#125: [0.57787013 0.2580095  0.92986274 0.805445  ], 17, 0.05548189580440521
2022-12-05 09:20:24,967 - root - DEBUG - Image #1.#161: [0.18389502 0.21565877 0.5756161  0.5995738 ], 17, 0.052130792289972305
2022-12-05 09:20:25,252 - root - DEBUG - Classifying the dog
2022-12-05 09:20:25,265 - root - DEBUG - 10
2022-12-05 09:20:25,265 - root - DEBUG - (516, 378, 3)
2022-12-05 09:20:25,320 - root - DEBUG - (759, 605, 3)
2022-12-05 09:20:25,345 - root - DEBUG - (309, 280, 3)
2022-12-05 09:20:25,346 - root - DEBUG - (200, 241, 3)
2022-12-05 09:20:25,348 - root - DEBUG - (371, 483, 3)
2022-12-05 09:20:25,351 - root - DEBUG - (190, 212, 3)
2022-12-05 09:20:25,352 - root - DEBUG - (333, 557, 3)
2022-12-05 09:20:25,354 - root - DEBUG - (198, 207, 3)
2022-12-05 09:20:25,355 - root - DEBUG - (460, 837, 3)
2022-12-05 09:20:25,360 - root - DEBUG - (228, 219, 3)
2022-12-05 09:20:40,650 - root - DEBUG - 9
2022-12-05 09:20:40,650 - root - DEBUG - (989, 1069, 3)
2022-12-05 09:20:40,686 - root - DEBUG - (588, 883, 3)
2022-12-05 09:20:40,707 - root - DEBUG - (759, 631, 3)
2022-12-05 09:20:40,716 - root - DEBUG - (382, 598, 3)
2022-12-05 09:20:40,719 - root - DEBUG - (270, 401, 3)
2022-12-05 09:20:40,721 - root - DEBUG - (703, 748, 3)
2022-12-05 09:20:40,729 - root - DEBUG - (645, 628, 3)
2022-12-05 09:20:40,734 - root - DEBUG - (657, 422, 3)
2022-12-05 09:20:40,738 - root - DEBUG - (461, 470, 3)
